<?xml version="1.0" encoding="UTF-8"?>
<testng-results ignored="14" total="22" passed="6" failed="2" skipped="0">
  <reporter-output>
    <line>
      <![CDATA[Organization created with indusrty and type]]>
    </line>
    <line>
      <![CDATA[campaign name has been created]]>
    </line>
    <line>
      <![CDATA[all done]]>
    </line>
    <line>
      <![CDATA[product created]]>
    </line>
    <line>
      <![CDATA[contacts has been created]]>
    </line>
    <line>
      <![CDATA[campaign and product name has been created]]>
    </line>
  </reporter-output>
  <suite started-at="2022-05-24T16:17:33 IST" name="Suite" finished-at="2022-05-24T16:21:28 IST" duration-ms="234429">
    <groups>
      <group name="Sanity">
        <method signature="CreateCampaignWithProductnameTest.createCampaignWithProductname()[pri:0, instance:com.vtiger.campaignTest.CreateCampaignWithProductnameTest@6b0615ae]" name="createCampaignWithProductname" class="com.vtiger.campaignTest.CreateCampaignWithProductnameTest"/>
        <method signature="CreateOrganisationTest.CreateOrganisationTest1()[pri:0, instance:com.vtiger.organisationTest.CreateOrganisationTest@74aa9c72]" name="CreateOrganisationTest1" class="com.vtiger.organisationTest.CreateOrganisationTest"/>
        <method signature="CreateProductsTest.createProductsTest()[pri:0, instance:com.vtiger.productsTest.CreateProductsTest@624a24f6]" name="createProductsTest" class="com.vtiger.productsTest.CreateProductsTest"/>
        <method signature="CreatedocumentsTest.createdocumentsFrameTest()[pri:0, instance:com.vtiger.documents.CreatedocumentsTest@53a5e217]" name="createdocumentsFrameTest" class="com.vtiger.documents.CreatedocumentsTest"/>
        <method signature="CreateorganisationandcontactnameTest.createorganisationandcontactnameTest()[pri:0, instance:com.vtiger.contactsTest.CreateorganisationandcontactnameTest@7aa9e414]" name="createorganisationandcontactnameTest" class="com.vtiger.contactsTest.CreateorganisationandcontactnameTest"/>
      </group> <!-- Sanity -->
      <group name="Regression">
        <method signature="CreateContactsTest.fetchDataofContactsTest()[pri:0, instance:com.vtiger.contactsTest.CreateContactsTest@6b00ad9]" name="fetchDataofContactsTest" class="com.vtiger.contactsTest.CreateContactsTest"/>
        <method signature="CreateOrgwithIndustryandTypeTest.createOrgwithIndustryandType()[pri:0, instance:com.vtiger.organisationTest.CreateOrgwithIndustryandTypeTest@5d5b5fa7]" name="createOrgwithIndustryandType" class="com.vtiger.organisationTest.CreateOrgwithIndustryandTypeTest"/>
        <method signature="CreatecampaignTest.createcampaignTest()[pri:0, instance:com.vtiger.campaignTest.CreatecampaignTest@2a32fb6]" name="createcampaignTest" class="com.vtiger.campaignTest.CreatecampaignTest"/>
        <method signature="CreatedocumentsTest.createdocumentsFrameTest()[pri:0, instance:com.vtiger.documents.CreatedocumentsTest@53a5e217]" name="createdocumentsFrameTest" class="com.vtiger.documents.CreatedocumentsTest"/>
      </group> <!-- Regression -->
    </groups>
    <test started-at="2022-05-24T16:17:33 IST" name="Test" finished-at="2022-05-24T16:21:28 IST" duration-ms="234429">
      <class name="com.vtiger.campaignTest.CreateCampaignWithProductnameTest">
        <test-method is-config="true" signature="beforeclassTest()[pri:0, instance:com.vtiger.campaignTest.CreateCampaignWithProductnameTest@6b0615ae]" started-at="2022-05-24T16:20:40 IST" name="beforeclassTest" finished-at="2022-05-24T16:20:43 IST" duration-ms="3086" status="PASS">
          <reporter-output>
          </reporter-output>
        </test-method> <!-- beforeclassTest -->
        <test-method is-config="true" signature="beforeMethodTest()[pri:0, instance:com.vtiger.campaignTest.CreateCampaignWithProductnameTest@6b0615ae]" started-at="2022-05-24T16:20:43 IST" name="beforeMethodTest" finished-at="2022-05-24T16:20:48 IST" duration-ms="5544" status="PASS">
          <reporter-output>
          </reporter-output>
        </test-method> <!-- beforeMethodTest -->
        <test-method signature="createCampaignWithProductname()[pri:0, instance:com.vtiger.campaignTest.CreateCampaignWithProductnameTest@6b0615ae]" started-at="2022-05-24T16:20:48 IST" name="createCampaignWithProductname" finished-at="2022-05-24T16:21:25 IST" duration-ms="36735" status="PASS">
          <reporter-output>
            <line>
              <![CDATA[campaign and product name has been created]]>
            </line>
          </reporter-output>
        </test-method> <!-- createCampaignWithProductname -->
        <test-method is-config="true" signature="afterMethodTest()[pri:0, instance:com.vtiger.campaignTest.CreateCampaignWithProductnameTest@6b0615ae]" started-at="2022-05-24T16:21:25 IST" name="afterMethodTest" finished-at="2022-05-24T16:21:27 IST" duration-ms="2279" status="PASS">
          <reporter-output>
          </reporter-output>
        </test-method> <!-- afterMethodTest -->
        <test-method is-config="true" signature="afterClassTest()[pri:0, instance:com.vtiger.campaignTest.CreateCampaignWithProductnameTest@6b0615ae]" started-at="2022-05-24T16:21:28 IST" name="afterClassTest" finished-at="2022-05-24T16:21:28 IST" duration-ms="311" status="PASS">
          <reporter-output>
          </reporter-output>
        </test-method> <!-- afterClassTest -->
      </class> <!-- com.vtiger.campaignTest.CreateCampaignWithProductnameTest -->
      <class name="com.vtiger.organisationTest.CreateOrgwithIndustryandTypeTest">
        <test-method is-config="true" signature="beforeclassTest()[pri:0, instance:com.vtiger.organisationTest.CreateOrgwithIndustryandTypeTest@5d5b5fa7]" started-at="2022-05-24T16:17:54 IST" name="beforeclassTest" finished-at="2022-05-24T16:17:57 IST" duration-ms="2956" status="PASS">
          <reporter-output>
          </reporter-output>
        </test-method> <!-- beforeclassTest -->
        <test-method is-config="true" signature="beforeMethodTest()[pri:0, instance:com.vtiger.organisationTest.CreateOrgwithIndustryandTypeTest@5d5b5fa7]" started-at="2022-05-24T16:17:57 IST" name="beforeMethodTest" finished-at="2022-05-24T16:18:02 IST" duration-ms="5582" status="PASS">
          <reporter-output>
          </reporter-output>
        </test-method> <!-- beforeMethodTest -->
        <test-method signature="createOrgwithIndustryandType()[pri:0, instance:com.vtiger.organisationTest.CreateOrgwithIndustryandTypeTest@5d5b5fa7]" started-at="2022-05-24T16:18:02 IST" name="createOrgwithIndustryandType" finished-at="2022-05-24T16:18:19 IST" duration-ms="16867" status="PASS">
          <reporter-output>
            <line>
              <![CDATA[Organization created with indusrty and type]]>
            </line>
          </reporter-output>
        </test-method> <!-- createOrgwithIndustryandType -->
        <test-method is-config="true" signature="afterMethodTest()[pri:0, instance:com.vtiger.organisationTest.CreateOrgwithIndustryandTypeTest@5d5b5fa7]" started-at="2022-05-24T16:18:19 IST" name="afterMethodTest" finished-at="2022-05-24T16:18:21 IST" duration-ms="2358" status="PASS">
          <reporter-output>
          </reporter-output>
        </test-method> <!-- afterMethodTest -->
        <test-method is-config="true" signature="afterClassTest()[pri:0, instance:com.vtiger.organisationTest.CreateOrgwithIndustryandTypeTest@5d5b5fa7]" started-at="2022-05-24T16:18:21 IST" name="afterClassTest" finished-at="2022-05-24T16:18:22 IST" duration-ms="315" status="PASS">
          <reporter-output>
          </reporter-output>
        </test-method> <!-- afterClassTest -->
      </class> <!-- com.vtiger.organisationTest.CreateOrgwithIndustryandTypeTest -->
      <class name="com.vtiger.contactsTest.CreateorganisationandcontactnameTest">
        <test-method is-config="true" signature="beforeclassTest()[pri:0, instance:com.vtiger.contactsTest.CreateorganisationandcontactnameTest@7aa9e414]" started-at="2022-05-24T16:18:50 IST" name="beforeclassTest" finished-at="2022-05-24T16:18:52 IST" duration-ms="2845" status="PASS">
          <reporter-output>
          </reporter-output>
        </test-method> <!-- beforeclassTest -->
        <test-method is-config="true" signature="beforeMethodTest()[pri:0, instance:com.vtiger.contactsTest.CreateorganisationandcontactnameTest@7aa9e414]" started-at="2022-05-24T16:18:52 IST" name="beforeMethodTest" finished-at="2022-05-24T16:18:58 IST" duration-ms="5487" status="PASS">
          <reporter-output>
          </reporter-output>
        </test-method> <!-- beforeMethodTest -->
        <test-method signature="createorganisationandcontactnameTest()[pri:0, instance:com.vtiger.contactsTest.CreateorganisationandcontactnameTest@7aa9e414]" started-at="2022-05-24T16:18:58 IST" name="createorganisationandcontactnameTest" finished-at="2022-05-24T16:19:10 IST" duration-ms="12578" status="FAIL">
          <exception class="org.openqa.selenium.UnhandledAlertException">
            <message>
              <![CDATA[unexpected alert open: {Alert text : Organization Name Already Exists!}
  (Session info: chrome=101.0.4951.67): Organization Name Already Exists!
Build info: version: '3.141.59', revision: 'e82be7d358', time: '2018-11-14T08:17:03'
System info: host: 'DESKTOP-1UFPC69', ip: '192.168.43.50', os.name: 'Windows 10', os.arch: 'amd64', os.version: '10.0', java.version: '16.0.1'
Driver info: org.openqa.selenium.chrome.ChromeDriver
Capabilities {acceptInsecureCerts: false, browserName: chrome, browserVersion: 101.0.4951.67, chrome: {chromedriverVersion: 101.0.4951.41 (93c720db8323..., userDataDir: C:\Users\VAISHALI\AppData\L...}, goog:chromeOptions: {debuggerAddress: localhost:58338}, javascriptEnabled: true, networkConnectionEnabled: false, pageLoadStrategy: normal, platform: WINDOWS, platformName: WINDOWS, proxy: Proxy(), setWindowRect: true, strictFileInteractability: false, timeouts: {implicit: 0, pageLoad: 300000, script: 30000}, unhandledPromptBehavior: dismiss and notify, webauthn:extension:credBlob: true, webauthn:extension:largeBlob: true, webauthn:virtualAuthenticators: true}
Session ID: 57e6a526a5ca5ba556ff779fc0b81b8e
*** Element info: {Using=xpath, value=//span[@class='dvHeaderText']}]]>
            </message>
            <full-stacktrace>
              <![CDATA[org.openqa.selenium.UnhandledAlertException: unexpected alert open: {Alert text : Organization Name Already Exists!}
  (Session info: chrome=101.0.4951.67): Organization Name Already Exists!
Build info: version: '3.141.59', revision: 'e82be7d358', time: '2018-11-14T08:17:03'
System info: host: 'DESKTOP-1UFPC69', ip: '192.168.43.50', os.name: 'Windows 10', os.arch: 'amd64', os.version: '10.0', java.version: '16.0.1'
Driver info: org.openqa.selenium.chrome.ChromeDriver
Capabilities {acceptInsecureCerts: false, browserName: chrome, browserVersion: 101.0.4951.67, chrome: {chromedriverVersion: 101.0.4951.41 (93c720db8323..., userDataDir: C:\Users\VAISHALI\AppData\L...}, goog:chromeOptions: {debuggerAddress: localhost:58338}, javascriptEnabled: true, networkConnectionEnabled: false, pageLoadStrategy: normal, platform: WINDOWS, platformName: WINDOWS, proxy: Proxy(), setWindowRect: true, strictFileInteractability: false, timeouts: {implicit: 0, pageLoad: 300000, script: 30000}, unhandledPromptBehavior: dismiss and notify, webauthn:extension:credBlob: true, webauthn:extension:largeBlob: true, webauthn:virtualAuthenticators: true}
Session ID: 57e6a526a5ca5ba556ff779fc0b81b8e
*** Element info: {Using=xpath, value=//span[@class='dvHeaderText']}
at org.openqa.selenium.remote.http.W3CHttpResponseCodec.decode(W3CHttpResponseCodec.java:120)
at org.openqa.selenium.remote.http.W3CHttpResponseCodec.decode(W3CHttpResponseCodec.java:49)
at org.openqa.selenium.remote.HttpCommandExecutor.execute(HttpCommandExecutor.java:158)
at org.openqa.selenium.remote.service.DriverCommandExecutor.execute(DriverCommandExecutor.java:83)
at org.openqa.selenium.remote.RemoteWebDriver.execute(RemoteWebDriver.java:552)
at org.openqa.selenium.remote.RemoteWebDriver.findElement(RemoteWebDriver.java:323)
at org.openqa.selenium.remote.RemoteWebDriver.findElementByXPath(RemoteWebDriver.java:428)
at org.openqa.selenium.By$ByXPath.findElement(By.java:353)
at org.openqa.selenium.remote.RemoteWebDriver.findElement(RemoteWebDriver.java:315)
at org.openqa.selenium.support.pagefactory.DefaultElementLocator.findElement(DefaultElementLocator.java:69)
at org.openqa.selenium.support.pagefactory.internal.LocatingElementHandler.invoke(LocatingElementHandler.java:38)
at jdk.proxy2/jdk.proxy2.$Proxy23.isDisplayed(Unknown Source)
at org.openqa.selenium.support.ui.ExpectedConditions.elementIfVisible(ExpectedConditions.java:314)
at org.openqa.selenium.support.ui.ExpectedConditions.access$000(ExpectedConditions.java:43)
at org.openqa.selenium.support.ui.ExpectedConditions$10.apply(ExpectedConditions.java:300)
at org.openqa.selenium.support.ui.ExpectedConditions$10.apply(ExpectedConditions.java:297)
at org.openqa.selenium.support.ui.FluentWait.until(FluentWait.java:249)
at com.sdet34l1.genericUtility.WebDriverOffice.WaitvisibleText(WebDriverOffice.java:294)
at com.vtiger.ObjectRepository.CreateNewOrgInfoPage.saveBtnToOrg(CreateNewOrgInfoPage.java:61)
at com.vtiger.contactsTest.CreateorganisationandcontactnameTest.createorganisationandcontactnameTest(CreateorganisationandcontactnameTest.java:77)
at java.base/jdk.internal.reflect.NativeMethodAccessorImpl.invoke0(Native Method)
at java.base/jdk.internal.reflect.NativeMethodAccessorImpl.invoke(NativeMethodAccessorImpl.java:78)
at java.base/jdk.internal.reflect.DelegatingMethodAccessorImpl.invoke(DelegatingMethodAccessorImpl.java:43)
at java.base/java.lang.reflect.Method.invoke(Method.java:567)
at org.testng.internal.MethodInvocationHelper.invokeMethod(MethodInvocationHelper.java:133)
at org.testng.internal.TestInvoker.invokeMethod(TestInvoker.java:598)
at org.testng.internal.TestInvoker.invokeTestMethod(TestInvoker.java:173)
at org.testng.internal.MethodRunner.runInSequence(MethodRunner.java:46)
at org.testng.internal.TestInvoker$MethodInvocationAgent.invoke(TestInvoker.java:824)
at org.testng.internal.TestInvoker.invokeTestMethods(TestInvoker.java:146)
at org.testng.internal.TestMethodWorker.invokeTestMethods(TestMethodWorker.java:146)
at org.testng.internal.TestMethodWorker.run(TestMethodWorker.java:128)
at java.base/java.util.ArrayList.forEach(ArrayList.java:1511)
at org.testng.TestRunner.privateRun(TestRunner.java:794)
at org.testng.TestRunner.run(TestRunner.java:596)
at org.testng.SuiteRunner.runTest(SuiteRunner.java:377)
at org.testng.SuiteRunner.runSequentially(SuiteRunner.java:371)
at org.testng.SuiteRunner.privateRun(SuiteRunner.java:332)
at org.testng.SuiteRunner.run(SuiteRunner.java:276)
at org.testng.SuiteRunnerWorker.runSuite(SuiteRunnerWorker.java:53)
at org.testng.SuiteRunnerWorker.run(SuiteRunnerWorker.java:96)
at org.testng.TestNG.runSuitesSequentially(TestNG.java:1212)
at org.testng.TestNG.runSuitesLocally(TestNG.java:1134)
at org.testng.TestNG.runSuites(TestNG.java:1063)
at org.testng.TestNG.run(TestNG.java:1031)
at org.testng.remote.AbstractRemoteTestNG.run(AbstractRemoteTestNG.java:115)
at org.testng.remote.RemoteTestNG.initAndRun(RemoteTestNG.java:251)
at org.testng.remote.RemoteTestNG.main(RemoteTestNG.java:77)
]]>
            </full-stacktrace>
          </exception> <!-- org.openqa.selenium.UnhandledAlertException -->
          <reporter-output>
          </reporter-output>
        </test-method> <!-- createorganisationandcontactnameTest -->
        <test-method is-config="true" signature="afterMethodTest()[pri:0, instance:com.vtiger.contactsTest.CreateorganisationandcontactnameTest@7aa9e414]" started-at="2022-05-24T16:19:11 IST" name="afterMethodTest" finished-at="2022-05-24T16:19:13 IST" duration-ms="2337" status="PASS">
          <reporter-output>
          </reporter-output>
        </test-method> <!-- afterMethodTest -->
        <test-method is-config="true" signature="afterClassTest()[pri:0, instance:com.vtiger.contactsTest.CreateorganisationandcontactnameTest@7aa9e414]" started-at="2022-05-24T16:19:13 IST" name="afterClassTest" finished-at="2022-05-24T16:19:13 IST" duration-ms="287" status="PASS">
          <reporter-output>
          </reporter-output>
        </test-method> <!-- afterClassTest -->
      </class> <!-- com.vtiger.contactsTest.CreateorganisationandcontactnameTest -->
      <class name="com.vtiger.documents.CreatedocumentsTest">
        <test-method is-config="true" signature="beforeclassTest()[pri:0, instance:com.vtiger.documents.CreatedocumentsTest@53a5e217]" started-at="2022-05-24T16:19:13 IST" name="beforeclassTest" finished-at="2022-05-24T16:19:16 IST" duration-ms="2813" status="PASS">
          <reporter-output>
          </reporter-output>
        </test-method> <!-- beforeclassTest -->
        <test-method is-config="true" signature="beforeMethodTest()[pri:0, instance:com.vtiger.documents.CreatedocumentsTest@53a5e217]" started-at="2022-05-24T16:19:16 IST" name="beforeMethodTest" finished-at="2022-05-24T16:19:22 IST" duration-ms="5532" status="PASS">
          <reporter-output>
          </reporter-output>
        </test-method> <!-- beforeMethodTest -->
        <test-method signature="createdocumentsFrameTest()[pri:0, instance:com.vtiger.documents.CreatedocumentsTest@53a5e217]" started-at="2022-05-24T16:19:22 IST" name="createdocumentsFrameTest" finished-at="2022-05-24T16:19:42 IST" duration-ms="19903" status="PASS">
          <reporter-output>
            <line>
              <![CDATA[all done]]>
            </line>
          </reporter-output>
        </test-method> <!-- createdocumentsFrameTest -->
        <test-method is-config="true" signature="afterMethodTest()[pri:0, instance:com.vtiger.documents.CreatedocumentsTest@53a5e217]" started-at="2022-05-24T16:19:42 IST" name="afterMethodTest" finished-at="2022-05-24T16:19:44 IST" duration-ms="2399" status="PASS">
          <reporter-output>
          </reporter-output>
        </test-method> <!-- afterMethodTest -->
        <test-method is-config="true" signature="afterClassTest()[pri:0, instance:com.vtiger.documents.CreatedocumentsTest@53a5e217]" started-at="2022-05-24T16:19:44 IST" name="afterClassTest" finished-at="2022-05-24T16:19:44 IST" duration-ms="314" status="PASS">
          <reporter-output>
          </reporter-output>
        </test-method> <!-- afterClassTest -->
      </class> <!-- com.vtiger.documents.CreatedocumentsTest -->
      <class name="com.vtiger.productsTest.CreateProductsTest">
        <test-method is-config="true" signature="beforeclassTest()[pri:0, instance:com.vtiger.productsTest.CreateProductsTest@624a24f6]" started-at="2022-05-24T16:19:44 IST" name="beforeclassTest" finished-at="2022-05-24T16:19:47 IST" duration-ms="2780" status="PASS">
          <reporter-output>
          </reporter-output>
        </test-method> <!-- beforeclassTest -->
        <test-method is-config="true" signature="beforeMethodTest()[pri:0, instance:com.vtiger.productsTest.CreateProductsTest@624a24f6]" started-at="2022-05-24T16:19:47 IST" name="beforeMethodTest" finished-at="2022-05-24T16:19:53 IST" duration-ms="5656" status="PASS">
          <reporter-output>
          </reporter-output>
        </test-method> <!-- beforeMethodTest -->
        <test-method signature="createProductsTest()[pri:0, instance:com.vtiger.productsTest.CreateProductsTest@624a24f6]" started-at="2022-05-24T16:19:53 IST" name="createProductsTest" finished-at="2022-05-24T16:20:07 IST" duration-ms="14434" status="PASS">
          <reporter-output>
            <line>
              <![CDATA[product created]]>
            </line>
          </reporter-output>
        </test-method> <!-- createProductsTest -->
        <test-method is-config="true" signature="afterMethodTest()[pri:0, instance:com.vtiger.productsTest.CreateProductsTest@624a24f6]" started-at="2022-05-24T16:20:07 IST" name="afterMethodTest" finished-at="2022-05-24T16:20:10 IST" duration-ms="2326" status="PASS">
          <reporter-output>
          </reporter-output>
        </test-method> <!-- afterMethodTest -->
        <test-method is-config="true" signature="afterClassTest()[pri:0, instance:com.vtiger.productsTest.CreateProductsTest@624a24f6]" started-at="2022-05-24T16:20:10 IST" name="afterClassTest" finished-at="2022-05-24T16:20:10 IST" duration-ms="379" status="PASS">
          <reporter-output>
          </reporter-output>
        </test-method> <!-- afterClassTest -->
      </class> <!-- com.vtiger.productsTest.CreateProductsTest -->
      <class name="com.vtiger.contactsTest.CreateContactsTest">
        <test-method is-config="true" signature="beforeclassTest()[pri:0, instance:com.vtiger.contactsTest.CreateContactsTest@6b00ad9]" started-at="2022-05-24T16:20:10 IST" name="beforeclassTest" finished-at="2022-05-24T16:20:13 IST" duration-ms="2866" status="PASS">
          <reporter-output>
          </reporter-output>
        </test-method> <!-- beforeclassTest -->
        <test-method is-config="true" signature="beforeMethodTest()[pri:0, instance:com.vtiger.contactsTest.CreateContactsTest@6b00ad9]" started-at="2022-05-24T16:20:13 IST" name="beforeMethodTest" finished-at="2022-05-24T16:20:18 IST" duration-ms="5281" status="PASS">
          <reporter-output>
          </reporter-output>
        </test-method> <!-- beforeMethodTest -->
        <test-method signature="fetchDataofContactsTest()[pri:0, instance:com.vtiger.contactsTest.CreateContactsTest@6b00ad9]" started-at="2022-05-24T16:20:18 IST" name="fetchDataofContactsTest" description="testng:- CreateContactsTest" finished-at="2022-05-24T16:20:37 IST" duration-ms="19028" status="PASS">
          <reporter-output>
            <line>
              <![CDATA[contacts has been created]]>
            </line>
          </reporter-output>
        </test-method> <!-- fetchDataofContactsTest -->
        <test-method is-config="true" signature="afterMethodTest()[pri:0, instance:com.vtiger.contactsTest.CreateContactsTest@6b00ad9]" started-at="2022-05-24T16:20:37 IST" name="afterMethodTest" finished-at="2022-05-24T16:20:39 IST" duration-ms="2257" status="PASS">
          <reporter-output>
          </reporter-output>
        </test-method> <!-- afterMethodTest -->
        <test-method is-config="true" signature="afterClassTest()[pri:0, instance:com.vtiger.contactsTest.CreateContactsTest@6b00ad9]" started-at="2022-05-24T16:20:39 IST" name="afterClassTest" finished-at="2022-05-24T16:20:40 IST" duration-ms="329" status="PASS">
          <reporter-output>
          </reporter-output>
        </test-method> <!-- afterClassTest -->
      </class> <!-- com.vtiger.contactsTest.CreateContactsTest -->
      <class name="com.vtiger.organisationTest.CreateOrganisationTest">
        <test-method is-config="true" signature="beforesuiteTest()[pri:0, instance:com.vtiger.organisationTest.CreateOrganisationTest@74aa9c72]" started-at="2022-05-24T16:17:27 IST" name="beforesuiteTest" finished-at="2022-05-24T16:17:33 IST" duration-ms="6201" status="PASS">
          <reporter-output>
          </reporter-output>
        </test-method> <!-- beforesuiteTest -->
        <test-method is-config="true" signature="beforeclassTest()[pri:0, instance:com.vtiger.organisationTest.CreateOrganisationTest@74aa9c72]" started-at="2022-05-24T16:17:34 IST" name="beforeclassTest" finished-at="2022-05-24T16:17:39 IST" duration-ms="4725" status="PASS">
          <reporter-output>
          </reporter-output>
        </test-method> <!-- beforeclassTest -->
        <test-method is-config="true" signature="beforeMethodTest()[pri:0, instance:com.vtiger.organisationTest.CreateOrganisationTest@74aa9c72]" started-at="2022-05-24T16:17:39 IST" name="beforeMethodTest" finished-at="2022-05-24T16:17:43 IST" duration-ms="3585" status="PASS">
          <reporter-output>
          </reporter-output>
        </test-method> <!-- beforeMethodTest -->
        <test-method signature="CreateOrganisationTest1()[pri:0, instance:com.vtiger.organisationTest.CreateOrganisationTest@74aa9c72]" started-at="2022-05-24T16:17:43 IST" name="CreateOrganisationTest1" finished-at="2022-05-24T16:17:51 IST" duration-ms="7787" status="FAIL">
          <exception class="java.lang.AssertionError">
            <message>
              <![CDATA[null]]>
            </message>
            <full-stacktrace>
              <![CDATA[java.lang.AssertionError: null
at org.testng.Assert.fail(Assert.java:99)
at org.testng.Assert.fail(Assert.java:106)
at com.vtiger.organisationTest.CreateOrganisationTest.CreateOrganisationTest1(CreateOrganisationTest.java:28)
at java.base/jdk.internal.reflect.NativeMethodAccessorImpl.invoke0(Native Method)
at java.base/jdk.internal.reflect.NativeMethodAccessorImpl.invoke(NativeMethodAccessorImpl.java:78)
at java.base/jdk.internal.reflect.DelegatingMethodAccessorImpl.invoke(DelegatingMethodAccessorImpl.java:43)
at java.base/java.lang.reflect.Method.invoke(Method.java:567)
at org.testng.internal.MethodInvocationHelper.invokeMethod(MethodInvocationHelper.java:133)
at org.testng.internal.TestInvoker.invokeMethod(TestInvoker.java:598)
at org.testng.internal.TestInvoker.invokeTestMethod(TestInvoker.java:173)
at org.testng.internal.MethodRunner.runInSequence(MethodRunner.java:46)
at org.testng.internal.TestInvoker$MethodInvocationAgent.invoke(TestInvoker.java:824)
at org.testng.internal.TestInvoker.invokeTestMethods(TestInvoker.java:146)
at org.testng.internal.TestMethodWorker.invokeTestMethods(TestMethodWorker.java:146)
at org.testng.internal.TestMethodWorker.run(TestMethodWorker.java:128)
at java.base/java.util.ArrayList.forEach(ArrayList.java:1511)
at org.testng.TestRunner.privateRun(TestRunner.java:794)
at org.testng.TestRunner.run(TestRunner.java:596)
at org.testng.SuiteRunner.runTest(SuiteRunner.java:377)
at org.testng.SuiteRunner.runSequentially(SuiteRunner.java:371)
at org.testng.SuiteRunner.privateRun(SuiteRunner.java:332)
at org.testng.SuiteRunner.run(SuiteRunner.java:276)
at org.testng.SuiteRunnerWorker.runSuite(SuiteRunnerWorker.java:53)
at org.testng.SuiteRunnerWorker.run(SuiteRunnerWorker.java:96)
at org.testng.TestNG.runSuitesSequentially(TestNG.java:1212)
at org.testng.TestNG.runSuitesLocally(TestNG.java:1134)
at org.testng.TestNG.runSuites(TestNG.java:1063)
at org.testng.TestNG.run(TestNG.java:1031)
at org.testng.remote.AbstractRemoteTestNG.run(AbstractRemoteTestNG.java:115)
at org.testng.remote.RemoteTestNG.initAndRun(RemoteTestNG.java:251)
at org.testng.remote.RemoteTestNG.main(RemoteTestNG.java:77)
]]>
            </full-stacktrace>
          </exception> <!-- java.lang.AssertionError -->
          <reporter-output>
          </reporter-output>
        </test-method> <!-- CreateOrganisationTest1 -->
        <test-method is-config="true" signature="afterMethodTest()[pri:0, instance:com.vtiger.organisationTest.CreateOrganisationTest@74aa9c72]" started-at="2022-05-24T16:17:51 IST" name="afterMethodTest" finished-at="2022-05-24T16:17:53 IST" duration-ms="2269" status="PASS">
          <reporter-output>
          </reporter-output>
        </test-method> <!-- afterMethodTest -->
        <test-method is-config="true" signature="afterClassTest()[pri:0, instance:com.vtiger.organisationTest.CreateOrganisationTest@74aa9c72]" started-at="2022-05-24T16:17:53 IST" name="afterClassTest" finished-at="2022-05-24T16:17:54 IST" duration-ms="324" status="PASS">
          <reporter-output>
          </reporter-output>
        </test-method> <!-- afterClassTest -->
        <test-method is-config="true" signature="afterSuiteTest()[pri:0, instance:com.vtiger.organisationTest.CreateOrganisationTest@74aa9c72]" started-at="2022-05-24T16:21:29 IST" name="afterSuiteTest" finished-at="2022-05-24T16:21:29 IST" duration-ms="283" status="PASS">
          <reporter-output>
          </reporter-output>
        </test-method> <!-- afterSuiteTest -->
      </class> <!-- com.vtiger.organisationTest.CreateOrganisationTest -->
      <class name="com.vtiger.campaignTest.CreatecampaignTest">
        <test-method is-config="true" signature="beforeclassTest()[pri:0, instance:com.vtiger.campaignTest.CreatecampaignTest@2a32fb6]" started-at="2022-05-24T16:18:22 IST" name="beforeclassTest" finished-at="2022-05-24T16:18:25 IST" duration-ms="3059" status="PASS">
          <reporter-output>
          </reporter-output>
        </test-method> <!-- beforeclassTest -->
        <test-method is-config="true" signature="beforeMethodTest()[pri:0, instance:com.vtiger.campaignTest.CreatecampaignTest@2a32fb6]" started-at="2022-05-24T16:18:25 IST" name="beforeMethodTest" finished-at="2022-05-24T16:18:30 IST" duration-ms="4943" status="PASS">
          <reporter-output>
          </reporter-output>
        </test-method> <!-- beforeMethodTest -->
        <test-method signature="createcampaignTest()[pri:0, instance:com.vtiger.campaignTest.CreatecampaignTest@2a32fb6]" started-at="2022-05-24T16:18:30 IST" name="createcampaignTest" finished-at="2022-05-24T16:18:47 IST" duration-ms="17212" status="PASS">
          <reporter-output>
            <line>
              <![CDATA[campaign name has been created]]>
            </line>
          </reporter-output>
        </test-method> <!-- createcampaignTest -->
        <test-method is-config="true" signature="afterMethodTest()[pri:0, instance:com.vtiger.campaignTest.CreatecampaignTest@2a32fb6]" started-at="2022-05-24T16:18:47 IST" name="afterMethodTest" finished-at="2022-05-24T16:18:49 IST" duration-ms="2228" status="PASS">
          <reporter-output>
          </reporter-output>
        </test-method> <!-- afterMethodTest -->
        <test-method is-config="true" signature="afterClassTest()[pri:0, instance:com.vtiger.campaignTest.CreatecampaignTest@2a32fb6]" started-at="2022-05-24T16:18:49 IST" name="afterClassTest" finished-at="2022-05-24T16:18:50 IST" duration-ms="308" status="PASS">
          <reporter-output>
          </reporter-output>
        </test-method> <!-- afterClassTest -->
      </class> <!-- com.vtiger.campaignTest.CreatecampaignTest -->
    </test> <!-- Test -->
  </suite> <!-- Suite -->
</testng-results>
